[debug] [2024-12-27T03:39:59.888Z] ----------------------------------------------------------------------
[debug] [2024-12-27T03:39:59.893Z] Command:       C:\Program Files\nodejs\node.exe C:\Users\offic\AppData\Roaming\npm\node_modules\firebase-tools\lib\bin\firebase.js login
[debug] [2024-12-27T03:39:59.893Z] CLI Version:   13.29.1
[debug] [2024-12-27T03:39:59.893Z] Platform:      win32
[debug] [2024-12-27T03:39:59.894Z] Node Version:  v23.1.0
[debug] [2024-12-27T03:39:59.894Z] Time:          Fri Dec 27 2024 09:09:59 GMT+0530 (India Standard Time)
[debug] [2024-12-27T03:39:59.894Z] ----------------------------------------------------------------------
[debug] 
[debug] [2024-12-27T03:39:59.899Z] >>> [apiv2][query] GET https://firebase-public.firebaseio.com/cli.json [none]
[info] i  Firebase optionally collects CLI and Emulator Suite usage and error reporting information to help improve our products. Data is collected in accordance with Google's privacy policy (https://policies.google.com/privacy) and is not used to identify you.
 
[debug] [2024-12-27T03:40:00.943Z] <<< [apiv2][status] GET https://firebase-public.firebaseio.com/cli.json 200
[debug] [2024-12-27T03:40:00.943Z] <<< [apiv2][body] GET https://firebase-public.firebaseio.com/cli.json {"cloudBuildErrorAfter":1594252800000,"cloudBuildWarnAfter":1590019200000,"defaultNode10After":1594252800000,"minVersion":"3.0.5","node8DeploysDisabledAfter":1613390400000,"node8RuntimeDisabledAfter":1615809600000,"node8WarnAfter":1600128000000}
[info] i  To change your data collection preference at any time, run `firebase logout` and log in again. 
[info] 
[info] Visit this URL on this device to log in:
[info] https://accounts.google.com/o/oauth2/auth?client_id=563584335869-fgrhgmd47bqnekij5i8b5pr03ho849e6.apps.googleusercontent.com&scope=email%20openid%20https%3A%2F%2Fwww.googleapis.com%2Fauth%2Fcloudplatformprojects.readonly%20https%3A%2F%2Fwww.googleapis.com%2Fauth%2Ffirebase%20https%3A%2F%2Fwww.googleapis.com%2Fauth%2Fcloud-platform&response_type=code&state=283078334&redirect_uri=http%3A%2F%2Flocalhost%3A9005
[info] 
[info] Waiting for authentication...
[debug] [2024-12-27T03:45:34.039Z] >>> [apiv2][query] POST https://auth.firebase.tools/attest [none]
[debug] [2024-12-27T03:45:34.039Z] >>> [apiv2][body] POST https://auth.firebase.tools/attest {"session_id":"dfd0b725-9958-446d-a85d-66f73e4b6f1b"}
[debug] [2024-12-27T03:45:35.119Z] <<< [apiv2][status] POST https://auth.firebase.tools/attest 200
[debug] [2024-12-27T03:45:35.120Z] <<< [apiv2][body] POST https://auth.firebase.tools/attest {"token":"TF6bh2mvSetW8AxzHH1NZAgX3aIU1sRhX77sTRkQseU"}
[info] 
[info] To sign in to the Firebase CLI:
[info] 
[info] 1. Take note of your session ID:
[info] 
[info]    DFD0B
[info] 
[info] 2. Visit the URL below on any device and follow the instructions to get your code:
[info] 
[info]    https://auth.firebase.tools/login?code_challenge=bfCk8n5aDEBBHQjDfe_MTJNW4JTxqIDl8zjt-gqYbB8&session=dfd0b725-9958-446d-a85d-66f73e4b6f1b&attest=TF6bh2mvSetW8AxzHH1NZAgX3aIU1sRhX77sTRkQseU
[info] 
[info] 3. Paste or enter the authorization code below once you have it:
[info] 
